# JRE version: OpenJDK Runtime Environment (17.0.6) (build 17.0.6+0-b2043.56-9586694)
# Java VM: OpenJDK 64-Bit Server VM (17.0.6+0-b2043.56-9586694, mixed mode, tiered, compressed oops, compressed class ptrs, g1 gc, windows-amd64)
GC Precious Log:
 CPUs: 12 total, 12 available
 Memory: 3767M
 Large Page Support: Disabled
 NUMA Support: Disabled
 Compressed Oops: Enabled (32-bit)
 Heap Region Size: 1M
 Heap Min Capacity: 8M
 Heap Initial Capacity: 60M
 Heap Max Capacity: 2G
 Pre-touch: Disabled
 Parallel Workers: 10
 Concurrent Workers: 3
 Concurrent Refinement Workers: 10
 Periodic GC: Disabled
Heap:
 garbage-first heap   total 115712K, used 78999K [0x0000000080000000, 0x0000000100000000)
  region size 1024K, 3 young (3072K), 2 survivors (2048K)
 Metaspace       used 46554K, committed 47040K, reserved 1089536K
  class space    used 6187K, committed 6400K, reserved 1048576K
GC Heap History (20 events):
Event: 6.953 GC heap before
{Heap before GC invocations=11 (full 0):
 garbage-first heap   total 61440K, used 33952K [0x0000000080000000, 0x0000000100000000)
  region size 1024K, 2 young (2048K), 1 survivors (1024K)
 Metaspace       used 29340K, committed 29696K, reserved 1081344K
  class space    used 3978K, committed 4160K, reserved 1048576K
}
Event: 6.955 GC heap after
{Heap after GC invocations=12 (full 0):
 garbage-first heap   total 93184K, used 34696K [0x0000000080000000, 0x0000000100000000)
  region size 1024K, 2 young (2048K), 2 survivors (2048K)
 Metaspace       used 29340K, committed 29696K, reserved 1081344K
  class space    used 3978K, committed 4160K, reserved 1048576K
}
Event: 7.087 GC heap before
{Heap before GC invocations=12 (full 0):
 garbage-first heap   total 93184K, used 44936K [0x0000000080000000, 0x0000000100000000)
  region size 1024K, 3 young (3072K), 2 survivors (2048K)
 Metaspace       used 29340K, committed 29696K, reserved 1081344K
  class space    used 3978K, committed 4160K, reserved 1048576K
}
Event: 7.088 GC heap after
{Heap after GC invocations=13 (full 0):
 garbage-first heap   total 93184K, used 45208K [0x0000000080000000, 0x0000000100000000)
  region size 1024K, 2 young (2048K), 2 survivors (2048K)
 Metaspace       used 29340K, committed 29696K, reserved 1081344K
  class space    used 3978K, committed 4160K, reserved 1048576K
}
Event: 7.118 GC heap before
{Heap before GC invocations=14 (full 0):
 garbage-first heap   total 93184K, used 47256K [0x0000000080000000, 0x0000000100000000)
  region size 1024K, 3 young (3072K), 2 survivors (2048K)
 Metaspace       used 29341K, committed 29696K, reserved 1081344K
  class space    used 3978K, committed 4160K, reserved 1048576K
}
Event: 7.120 GC heap after
{Heap after GC invocations=15 (full 0):
 garbage-first heap   total 93184K, used 47417K [0x0000000080000000, 0x0000000100000000)
  region size 1024K, 2 young (2048K), 2 survivors (2048K)
 Metaspace       used 29341K, committed 29696K, reserved 1081344K
  class space    used 3978K, committed 4160K, reserved 1048576K
}
Event: 7.260 GC heap before
{Heap before GC invocations=16 (full 0):
 garbage-first heap   total 93184K, used 53561K [0x0000000080000000, 0x0000000100000000)
  region size 1024K, 3 young (3072K), 2 survivors (2048K)
 Metaspace       used 29341K, committed 29696K, reserved 1081344K
  class space    used 3978K, committed 4160K, reserved 1048576K
}
Event: 7.265 GC heap after
{Heap after GC invocations=17 (full 0):
 garbage-first heap   total 93184K, used 53505K [0x0000000080000000, 0x0000000100000000)
  region size 1024K, 1 young (1024K), 1 survivors (1024K)
 Metaspace       used 29341K, committed 29696K, reserved 1081344K
  class space    used 3978K, committed 4160K, reserved 1048576K
}
Event: 7.609 GC heap before
{Heap before GC invocations=18 (full 0):
 garbage-first heap   total 94208K, used 70913K [0x0000000080000000, 0x0000000100000000)
  region size 1024K, 18 young (18432K), 1 survivors (1024K)
 Metaspace       used 31485K, committed 31872K, reserved 1081344K
  class space    used 4328K, committed 4480K, reserved 1048576K
}
Event: 7.614 GC heap after
{Heap after GC invocations=19 (full 0):
 garbage-first heap   total 115712K, used 56770K [0x0000000080000000, 0x0000000100000000)
  region size 1024K, 3 young (3072K), 3 survivors (3072K)
 Metaspace       used 31485K, committed 31872K, reserved 1081344K
  class space    used 4328K, committed 4480K, reserved 1048576K
}
Event: 8.299 GC heap before
{Heap before GC invocations=19 (full 0):
 garbage-first heap   total 115712K, used 85442K [0x0000000080000000, 0x0000000100000000)
  region size 1024K, 31 young (31744K), 3 survivors (3072K)
 Metaspace       used 36064K, committed 36480K, reserved 1081344K
  class space    used 5033K, committed 5184K, reserved 1048576K
}
Event: 8.303 GC heap after
{Heap after GC invocations=20 (full 0):
 garbage-first heap   total 115712K, used 58617K [0x0000000080000000, 0x0000000100000000)
  region size 1024K, 4 young (4096K), 4 survivors (4096K)
 Metaspace       used 36064K, committed 36480K, reserved 1081344K
  class space    used 5033K, committed 5184K, reserved 1048576K
}
Event: 8.890 GC heap before
{Heap before GC invocations=21 (full 0):
 garbage-first heap   total 115712K, used 87289K [0x0000000080000000, 0x0000000100000000)
  region size 1024K, 33 young (33792K), 4 survivors (4096K)
 Metaspace       used 41654K, committed 42048K, reserved 1089536K
  class space    used 5571K, committed 5760K, reserved 1048576K
}
Event: 8.897 GC heap after
{Heap after GC invocations=22 (full 0):
 garbage-first heap   total 115712K, used 62962K [0x0000000080000000, 0x0000000100000000)
  region size 1024K, 5 young (5120K), 5 survivors (5120K)
 Metaspace       used 41654K, committed 42048K, reserved 1089536K
  class space    used 5571K, committed 5760K, reserved 1048576K
}
Event: 9.129 GC heap before
{Heap before GC invocations=22 (full 0):
 garbage-first heap   total 115712K, used 73202K [0x0000000080000000, 0x0000000100000000)
  region size 1024K, 17 young (17408K), 5 survivors (5120K)
 Metaspace       used 42123K, committed 42560K, reserved 1089536K
  class space    used 5617K, committed 5824K, reserved 1048576K
}
Event: 9.136 GC heap after
{Heap after GC invocations=23 (full 0):
 garbage-first heap   total 115712K, used 64391K [0x0000000080000000, 0x0000000100000000)
  region size 1024K, 2 young (2048K), 2 survivors (2048K)
 Metaspace       used 42123K, committed 42560K, reserved 1089536K
  class space    used 5617K, committed 5824K, reserved 1048576K
}
Event: 10.132 GC heap before
{Heap before GC invocations=24 (full 0):
 garbage-first heap   total 115712K, used 93063K [0x0000000080000000, 0x0000000100000000)
  region size 1024K, 28 young (28672K), 2 survivors (2048K)
 Metaspace       used 46238K, committed 46720K, reserved 1089536K
  class space    used 6135K, committed 6336K, reserved 1048576K
}
Event: 10.136 GC heap after
{Heap after GC invocations=25 (full 0):
 garbage-first heap   total 115712K, used 66193K [0x0000000080000000, 0x0000000100000000)
  region size 1024K, 4 young (4096K), 4 survivors (4096K)
 Metaspace       used 46238K, committed 46720K, reserved 1089536K
  class space    used 6135K, committed 6336K, reserved 1048576K
}
Event: 10.380 GC heap before
{Heap before GC invocations=25 (full 0):
 garbage-first heap   total 115712K, used 72337K [0x0000000080000000, 0x0000000100000000)
  region size 1024K, 11 young (11264K), 4 survivors (4096K)
 Metaspace       used 46554K, committed 47040K, reserved 1089536K
  class space    used 6187K, committed 6400K, reserved 1048576K
}
Event: 10.385 GC heap after
{Heap after GC invocations=26 (full 0):
 garbage-first heap   total 115712K, used 67735K [0x0000000080000000, 0x0000000100000000)
  region size 1024K, 2 young (2048K), 2 survivors (2048K)
 Metaspace       used 46554K, committed 47040K, reserved 1089536K
  class space    used 6187K, committed 6400K, reserved 1048576K
}

