# JRE version: OpenJDK Runtime Environment (17.0.6) (build 17.0.6+0-b2043.56-9586694)
# Java VM: OpenJDK 64-Bit Server VM (17.0.6+0-b2043.56-9586694, mixed mode, tiered, compressed oops, compressed class ptrs, g1 gc, windows-amd64)
GC Precious Log:
 CPUs: 12 total, 12 available
 Memory: 3767M
 Large Page Support: Disabled
 NUMA Support: Disabled
 Compressed Oops: Enabled (32-bit)
 Heap Region Size: 1M
 Heap Min Capacity: 8M
 Heap Initial Capacity: 60M
 Heap Max Capacity: 2G
 Pre-touch: Disabled
 Parallel Workers: 10
 Concurrent Workers: 3
 Concurrent Refinement Workers: 10
 Periodic GC: Disabled
Heap:
 garbage-first heap   total 224256K, used 149509K [0x0000000080000000, 0x0000000100000000)
  region size 1024K, 21 young (21504K), 2 survivors (2048K)
 Metaspace       used 72689K, committed 73344K, reserved 1114112K
  class space    used 9571K, committed 9856K, reserved 1048576K
GC Heap History (20 events):
Event: 14.843 GC heap before
{Heap before GC invocations=40 (full 0):
 garbage-first heap   total 190464K, used 126900K [0x0000000080000000, 0x0000000100000000)
  region size 1024K, 29 young (29696K), 7 survivors (7168K)
 Metaspace       used 54944K, committed 55488K, reserved 1097728K
  class space    used 7314K, committed 7552K, reserved 1048576K
}
Event: 14.853 GC heap after
{Heap after GC invocations=41 (full 0):
 garbage-first heap   total 190464K, used 107677K [0x0000000080000000, 0x0000000100000000)
  region size 1024K, 5 young (5120K), 5 survivors (5120K)
 Metaspace       used 54944K, committed 55488K, reserved 1097728K
  class space    used 7314K, committed 7552K, reserved 1048576K
}
Event: 15.519 GC heap before
{Heap before GC invocations=42 (full 0):
 garbage-first heap   total 190464K, used 131229K [0x0000000080000000, 0x0000000100000000)
  region size 1024K, 27 young (27648K), 5 survivors (5120K)
 Metaspace       used 55267K, committed 55872K, reserved 1105920K
  class space    used 7326K, committed 7616K, reserved 1048576K
}
Event: 15.526 GC heap after
{Heap after GC invocations=43 (full 0):
 garbage-first heap   total 190464K, used 112948K [0x0000000080000000, 0x0000000100000000)
  region size 1024K, 4 young (4096K), 4 survivors (4096K)
 Metaspace       used 55267K, committed 55872K, reserved 1105920K
  class space    used 7326K, committed 7616K, reserved 1048576K
}
Event: 15.675 GC heap before
{Heap before GC invocations=44 (full 0):
 garbage-first heap   total 193536K, used 117044K [0x0000000080000000, 0x0000000100000000)
  region size 1024K, 8 young (8192K), 4 survivors (4096K)
 Metaspace       used 55276K, committed 55872K, reserved 1105920K
  class space    used 7326K, committed 7616K, reserved 1048576K
}
Event: 15.678 GC heap after
{Heap after GC invocations=45 (full 0):
 garbage-first heap   total 193536K, used 116268K [0x0000000080000000, 0x0000000100000000)
  region size 1024K, 5 young (5120K), 5 survivors (5120K)
 Metaspace       used 55276K, committed 55872K, reserved 1105920K
  class space    used 7326K, committed 7616K, reserved 1048576K
}
Event: 15.820 GC heap before
{Heap before GC invocations=46 (full 0):
 garbage-first heap   total 204800K, used 123436K [0x0000000080000000, 0x0000000100000000)
  region size 1024K, 9 young (9216K), 5 survivors (5120K)
 Metaspace       used 55572K, committed 56192K, reserved 1105920K
  class space    used 7379K, committed 7680K, reserved 1048576K
}
Event: 15.830 GC heap after
{Heap after GC invocations=47 (full 0):
 garbage-first heap   total 204800K, used 122486K [0x0000000080000000, 0x0000000100000000)
  region size 1024K, 5 young (5120K), 5 survivors (5120K)
 Metaspace       used 55572K, committed 56192K, reserved 1105920K
  class space    used 7379K, committed 7680K, reserved 1048576K
}
Event: 16.936 GC heap before
{Heap before GC invocations=48 (full 0):
 garbage-first heap   total 209920K, used 149110K [0x0000000080000000, 0x0000000100000000)
  region size 1024K, 31 young (31744K), 5 survivors (5120K)
 Metaspace       used 58810K, committed 59392K, reserved 1105920K
  class space    used 7823K, committed 8064K, reserved 1048576K
}
Event: 16.943 GC heap after
{Heap after GC invocations=49 (full 0):
 garbage-first heap   total 209920K, used 124351K [0x0000000080000000, 0x0000000100000000)
  region size 1024K, 4 young (4096K), 4 survivors (4096K)
 Metaspace       used 58810K, committed 59392K, reserved 1105920K
  class space    used 7823K, committed 8064K, reserved 1048576K
}
Event: 17.111 GC heap before
{Heap before GC invocations=49 (full 0):
 garbage-first heap   total 209920K, used 130495K [0x0000000080000000, 0x0000000100000000)
  region size 1024K, 10 young (10240K), 4 survivors (4096K)
 Metaspace       used 60027K, committed 60672K, reserved 1105920K
  class space    used 7934K, committed 8192K, reserved 1048576K
}
Event: 17.121 GC heap after
{Heap after GC invocations=50 (full 0):
 garbage-first heap   total 209920K, used 124147K [0x0000000080000000, 0x0000000100000000)
  region size 1024K, 1 young (1024K), 1 survivors (1024K)
 Metaspace       used 60027K, committed 60672K, reserved 1105920K
  class space    used 7934K, committed 8192K, reserved 1048576K
}
Event: 18.133 GC heap before
{Heap before GC invocations=50 (full 0):
 garbage-first heap   total 209920K, used 154867K [0x0000000080000000, 0x0000000100000000)
  region size 1024K, 31 young (31744K), 1 survivors (1024K)
 Metaspace       used 65250K, committed 65856K, reserved 1114112K
  class space    used 8625K, committed 8896K, reserved 1048576K
}
Event: 18.138 GC heap after
{Heap after GC invocations=51 (full 0):
 garbage-first heap   total 209920K, used 125727K [0x0000000080000000, 0x0000000100000000)
  region size 1024K, 2 young (2048K), 2 survivors (2048K)
 Metaspace       used 65250K, committed 65856K, reserved 1114112K
  class space    used 8625K, committed 8896K, reserved 1048576K
}
Event: 18.788 GC heap before
{Heap before GC invocations=52 (full 0):
 garbage-first heap   total 215040K, used 164639K [0x0000000080000000, 0x0000000100000000)
  region size 1024K, 34 young (34816K), 2 survivors (2048K)
 Metaspace       used 68504K, committed 69120K, reserved 1114112K
  class space    used 9026K, committed 9280K, reserved 1048576K
}
Event: 18.793 GC heap after
{Heap after GC invocations=53 (full 0):
 garbage-first heap   total 215040K, used 129547K [0x0000000080000000, 0x0000000100000000)
  region size 1024K, 5 young (5120K), 5 survivors (5120K)
 Metaspace       used 68504K, committed 69120K, reserved 1114112K
  class space    used 9026K, committed 9280K, reserved 1048576K
}
Event: 18.879 GC heap before
{Heap before GC invocations=53 (full 0):
 garbage-first heap   total 215040K, used 134667K [0x0000000080000000, 0x0000000100000000)
  region size 1024K, 10 young (10240K), 5 survivors (5120K)
 Metaspace       used 68909K, committed 69504K, reserved 1114112K
  class space    used 9078K, committed 9344K, reserved 1048576K
}
Event: 18.889 GC heap after
{Heap after GC invocations=54 (full 0):
 garbage-first heap   total 215040K, used 129910K [0x0000000080000000, 0x0000000100000000)
  region size 1024K, 1 young (1024K), 1 survivors (1024K)
 Metaspace       used 68909K, committed 69504K, reserved 1114112K
  class space    used 9078K, committed 9344K, reserved 1048576K
}
Event: 19.325 GC heap before
{Heap before GC invocations=54 (full 0):
 garbage-first heap   total 215040K, used 149366K [0x0000000080000000, 0x0000000100000000)
  region size 1024K, 21 young (21504K), 1 survivors (1024K)
 Metaspace       used 70682K, committed 71360K, reserved 1114112K
  class space    used 9285K, committed 9600K, reserved 1048576K
}
Event: 19.328 GC heap after
{Heap after GC invocations=55 (full 0):
 garbage-first heap   total 215040K, used 131077K [0x0000000080000000, 0x0000000100000000)
  region size 1024K, 2 young (2048K), 2 survivors (2048K)
 Metaspace       used 70682K, committed 71360K, reserved 1114112K
  class space    used 9285K, committed 9600K, reserved 1048576K
}

