# JRE version: OpenJDK Runtime Environment (17.0.6) (build 17.0.6+0-b2043.56-9586694)
# Java VM: OpenJDK 64-Bit Server VM (17.0.6+0-b2043.56-9586694, mixed mode, tiered, compressed oops, compressed class ptrs, g1 gc, windows-amd64)
GC Precious Log:
 CPUs: 12 total, 12 available
 Memory: 3767M
 Large Page Support: Disabled
 NUMA Support: Disabled
 Compressed Oops: Enabled (32-bit)
 Heap Region Size: 1M
 Heap Min Capacity: 8M
 Heap Initial Capacity: 60M
 Heap Max Capacity: 2G
 Pre-touch: Disabled
 Parallel Workers: 10
 Concurrent Workers: 3
 Concurrent Refinement Workers: 10
 Periodic GC: Disabled
Heap:
 garbage-first heap   total 112640K, used 58193K [0x0000000080000000, 0x0000000100000000)
  region size 1024K, 28 young (28672K), 2 survivors (2048K)
 Metaspace       used 43684K, committed 44096K, reserved 1089536K
  class space    used 5739K, committed 5888K, reserved 1048576K
GC Heap History (20 events):
Event: 3.171 GC heap before
{Heap before GC invocations=1 (full 0):
 garbage-first heap   total 61440K, used 32686K [0x0000000080000000, 0x0000000100000000)
  region size 1024K, 25 young (25600K), 3 survivors (3072K)
 Metaspace       used 11163K, committed 11392K, reserved 1064960K
  class space    used 1163K, committed 1280K, reserved 1048576K
}
Event: 3.178 GC heap after
{Heap after GC invocations=2 (full 0):
 garbage-first heap   total 61440K, used 11095K [0x0000000080000000, 0x0000000100000000)
  region size 1024K, 1 young (1024K), 1 survivors (1024K)
 Metaspace       used 11163K, committed 11392K, reserved 1064960K
  class space    used 1163K, committed 1280K, reserved 1048576K
}
Event: 4.598 GC heap before
{Heap before GC invocations=2 (full 0):
 garbage-first heap   total 61440K, used 34647K [0x0000000080000000, 0x0000000100000000)
  region size 1024K, 24 young (24576K), 1 survivors (1024K)
 Metaspace       used 15595K, committed 15744K, reserved 1064960K
  class space    used 1784K, committed 1856K, reserved 1048576K
}
Event: 4.606 GC heap after
{Heap after GC invocations=3 (full 0):
 garbage-first heap   total 61440K, used 16807K [0x0000000080000000, 0x0000000100000000)
  region size 1024K, 3 young (3072K), 3 survivors (3072K)
 Metaspace       used 15595K, committed 15744K, reserved 1064960K
  class space    used 1784K, committed 1856K, reserved 1048576K
}
Event: 7.924 GC heap before
{Heap before GC invocations=3 (full 0):
 garbage-first heap   total 61440K, used 36263K [0x0000000080000000, 0x0000000100000000)
  region size 1024K, 23 young (23552K), 3 survivors (3072K)
 Metaspace       used 21199K, committed 21504K, reserved 1073152K
  class space    used 2570K, committed 2752K, reserved 1048576K
}
Event: 7.968 GC heap after
{Heap after GC invocations=4 (full 0):
 garbage-first heap   total 61440K, used 18914K [0x0000000080000000, 0x0000000100000000)
  region size 1024K, 2 young (2048K), 2 survivors (2048K)
 Metaspace       used 21199K, committed 21504K, reserved 1073152K
  class space    used 2570K, committed 2752K, reserved 1048576K
}
Event: 9.611 GC heap before
{Heap before GC invocations=5 (full 0):
 garbage-first heap   total 61440K, used 40418K [0x0000000080000000, 0x0000000100000000)
  region size 1024K, 24 young (24576K), 2 survivors (2048K)
 Metaspace       used 24999K, committed 25280K, reserved 1073152K
  class space    used 3223K, committed 3328K, reserved 1048576K
}
Event: 9.621 GC heap after
{Heap after GC invocations=6 (full 0):
 garbage-first heap   total 61440K, used 20413K [0x0000000080000000, 0x0000000100000000)
  region size 1024K, 2 young (2048K), 2 survivors (2048K)
 Metaspace       used 24999K, committed 25280K, reserved 1073152K
  class space    used 3223K, committed 3328K, reserved 1048576K
}
Event: 9.666 GC heap before
{Heap before GC invocations=6 (full 0):
 garbage-first heap   total 61440K, used 21437K [0x0000000080000000, 0x0000000100000000)
  region size 1024K, 3 young (3072K), 2 survivors (2048K)
 Metaspace       used 25085K, committed 25408K, reserved 1073152K
  class space    used 3245K, committed 3392K, reserved 1048576K
}
Event: 9.679 GC heap after
{Heap after GC invocations=7 (full 0):
 garbage-first heap   total 61440K, used 20469K [0x0000000080000000, 0x0000000100000000)
  region size 1024K, 1 young (1024K), 1 survivors (1024K)
 Metaspace       used 25085K, committed 25408K, reserved 1073152K
  class space    used 3245K, committed 3392K, reserved 1048576K
}
Event: 11.258 GC heap before
{Heap before GC invocations=7 (full 0):
 garbage-first heap   total 61440K, used 42997K [0x0000000080000000, 0x0000000100000000)
  region size 1024K, 23 young (23552K), 1 survivors (1024K)
 Metaspace       used 28682K, committed 28992K, reserved 1081344K
  class space    used 3834K, committed 3968K, reserved 1048576K
}
Event: 11.267 GC heap after
{Heap after GC invocations=8 (full 0):
 garbage-first heap   total 61440K, used 21842K [0x0000000080000000, 0x0000000100000000)
  region size 1024K, 2 young (2048K), 2 survivors (2048K)
 Metaspace       used 28682K, committed 28992K, reserved 1081344K
  class space    used 3834K, committed 3968K, reserved 1048576K
}
Event: 12.388 GC heap before
{Heap before GC invocations=8 (full 0):
 garbage-first heap   total 61440K, used 44370K [0x0000000080000000, 0x0000000100000000)
  region size 1024K, 24 young (24576K), 2 survivors (2048K)
 Metaspace       used 31777K, committed 32064K, reserved 1081344K
  class space    used 4341K, committed 4480K, reserved 1048576K
}
Event: 12.398 GC heap after
{Heap after GC invocations=9 (full 0):
 garbage-first heap   total 61440K, used 22951K [0x0000000080000000, 0x0000000100000000)
  region size 1024K, 3 young (3072K), 3 survivors (3072K)
 Metaspace       used 31777K, committed 32064K, reserved 1081344K
  class space    used 4341K, committed 4480K, reserved 1048576K
}
Event: 13.608 GC heap before
{Heap before GC invocations=9 (full 0):
 garbage-first heap   total 61440K, used 42407K [0x0000000080000000, 0x0000000100000000)
  region size 1024K, 23 young (23552K), 3 survivors (3072K)
 Metaspace       used 35616K, committed 35968K, reserved 1081344K
  class space    used 4874K, committed 5056K, reserved 1048576K
}
Event: 13.621 GC heap after
{Heap after GC invocations=10 (full 0):
 garbage-first heap   total 61440K, used 25062K [0x0000000080000000, 0x0000000100000000)
  region size 1024K, 4 young (4096K), 4 survivors (4096K)
 Metaspace       used 35616K, committed 35968K, reserved 1081344K
  class space    used 4874K, committed 5056K, reserved 1048576K
}
Event: 14.528 GC heap before
{Heap before GC invocations=11 (full 0):
 garbage-first heap   total 61440K, used 44518K [0x0000000080000000, 0x0000000100000000)
  region size 1024K, 24 young (24576K), 4 survivors (4096K)
 Metaspace       used 40417K, committed 40768K, reserved 1089536K
  class space    used 5357K, committed 5504K, reserved 1048576K
}
Event: 14.541 GC heap after
{Heap after GC invocations=12 (full 0):
 garbage-first heap   total 61440K, used 28182K [0x0000000080000000, 0x0000000100000000)
  region size 1024K, 3 young (3072K), 3 survivors (3072K)
 Metaspace       used 40417K, committed 40768K, reserved 1089536K
  class space    used 5357K, committed 5504K, reserved 1048576K
}
Event: 14.851 GC heap before
{Heap before GC invocations=12 (full 0):
 garbage-first heap   total 61440K, used 47638K [0x0000000080000000, 0x0000000100000000)
  region size 1024K, 22 young (22528K), 3 survivors (3072K)
 Metaspace       used 41123K, committed 41472K, reserved 1089536K
  class space    used 5440K, committed 5568K, reserved 1048576K
}
Event: 14.879 GC heap after
{Heap after GC invocations=13 (full 0):
 garbage-first heap   total 112640K, used 30545K [0x0000000080000000, 0x0000000100000000)
  region size 1024K, 2 young (2048K), 2 survivors (2048K)
 Metaspace       used 41123K, committed 41472K, reserved 1089536K
  class space    used 5440K, committed 5568K, reserved 1048576K
}

